<?xml version="1.0" encoding="UTF-8"?>
<!-- Generated by org.testng.reporters.JUnitXMLReporter -->
<testsuite hostname="Nicky" ignored="1" name="Default test" tests="5" failures="0" timestamp="24 Sep 2022 06:48:19 GMT" time="0.058" errors="0">
  <testcase name="tc1" time="0.004" classname="org.project.TestNg"/>
  <testcase name="tc2" time="0.001" classname="org.project.TestNg"/>
  <testcase name="tc2" time="0.001" classname="org.project.TestNg"/>
  <testcase name="tc2" time="0.001" classname="org.project.TestNg"/>
  <testcase name="tc4" time="0.001" classname="org.project.TestNg"/>
  <testcase name="tc3" time="0.0" classname="org.project.TestNg">
    <ignored/>
  </testcase> <!-- tc3 -->
</testsuite> <!-- Default test -->
