<?xml version="1.0" encoding="UTF-8"?>
<testng-results skipped="0" failed="0" ignored="1" total="6" passed="5">
  <reporter-output>
  </reporter-output>
  <suite name="Default suite" duration-ms="58" started-at="2022-09-24T06:48:19Z" finished-at="2022-09-24T06:48:19Z">
    <groups>
    </groups>
    <test name="Default test" duration-ms="58" started-at="2022-09-24T06:48:19Z" finished-at="2022-09-24T06:48:19Z">
      <class name="org.project.TestNg">
        <test-method status="PASS" signature="browser()[pri:0, instance:org.project.TestNg@4c70fda8]" name="browser" is-config="true" duration-ms="22" started-at="2022-09-24T06:48:19Z" finished-at="2022-09-24T06:48:19Z">
          <reporter-output>
          </reporter-output>
        </test-method> <!-- browser -->
        <test-method status="PASS" signature="tc1()[pri:-3, instance:org.project.TestNg@4c70fda8]" name="tc1" duration-ms="4" started-at="2022-09-24T06:48:19Z" finished-at="2022-09-24T06:48:19Z">
          <reporter-output>
          </reporter-output>
        </test-method> <!-- tc1 -->
        <test-method status="PASS" signature="end()[pri:0, instance:org.project.TestNg@4c70fda8]" name="end" is-config="true" duration-ms="0" started-at="2022-09-24T06:48:19Z" finished-at="2022-09-24T06:48:19Z">
          <reporter-output>
          </reporter-output>
        </test-method> <!-- end -->
        <test-method status="PASS" signature="start()[pri:0, instance:org.project.TestNg@4c70fda8]" name="start" is-config="true" duration-ms="0" started-at="2022-09-24T06:48:19Z" finished-at="2022-09-24T06:48:19Z">
          <reporter-output>
          </reporter-output>
        </test-method> <!-- start -->
        <test-method status="PASS" signature="tc2()[pri:2, instance:org.project.TestNg@4c70fda8]" name="tc2" duration-ms="1" started-at="2022-09-24T06:48:19Z" finished-at="2022-09-24T06:48:19Z">
          <reporter-output>
          </reporter-output>
        </test-method> <!-- tc2 -->
        <test-method status="PASS" signature="end()[pri:0, instance:org.project.TestNg@4c70fda8]" name="end" is-config="true" duration-ms="0" started-at="2022-09-24T06:48:19Z" finished-at="2022-09-24T06:48:19Z">
          <reporter-output>
          </reporter-output>
        </test-method> <!-- end -->
        <test-method status="PASS" signature="start()[pri:0, instance:org.project.TestNg@4c70fda8]" name="start" is-config="true" duration-ms="0" started-at="2022-09-24T06:48:19Z" finished-at="2022-09-24T06:48:19Z">
          <reporter-output>
          </reporter-output>
        </test-method> <!-- start -->
        <test-method status="PASS" signature="start()[pri:0, instance:org.project.TestNg@4c70fda8]" name="start" is-config="true" duration-ms="0" started-at="2022-09-24T06:48:19Z" finished-at="2022-09-24T06:48:19Z">
          <reporter-output>
          </reporter-output>
        </test-method> <!-- start -->
        <test-method status="PASS" signature="end()[pri:0, instance:org.project.TestNg@4c70fda8]" name="end" is-config="true" duration-ms="0" started-at="2022-09-24T06:48:19Z" finished-at="2022-09-24T06:48:19Z">
          <reporter-output>
          </reporter-output>
        </test-method> <!-- end -->
        <test-method status="PASS" signature="tc2()[pri:2, instance:org.project.TestNg@4c70fda8]" name="tc2" duration-ms="1" started-at="2022-09-24T06:48:19Z" finished-at="2022-09-24T06:48:19Z">
          <reporter-output>
          </reporter-output>
        </test-method> <!-- tc2 -->
        <test-method status="PASS" signature="end()[pri:0, instance:org.project.TestNg@4c70fda8]" name="end" is-config="true" duration-ms="0" started-at="2022-09-24T06:48:19Z" finished-at="2022-09-24T06:48:19Z">
          <reporter-output>
          </reporter-output>
        </test-method> <!-- end -->
        <test-method status="PASS" signature="tc2()[pri:2, instance:org.project.TestNg@4c70fda8]" name="tc2" duration-ms="1" started-at="2022-09-24T06:48:19Z" finished-at="2022-09-24T06:48:19Z">
          <reporter-output>
          </reporter-output>
        </test-method> <!-- tc2 -->
        <test-method status="PASS" signature="start()[pri:0, instance:org.project.TestNg@4c70fda8]" name="start" is-config="true" duration-ms="0" started-at="2022-09-24T06:48:19Z" finished-at="2022-09-24T06:48:19Z">
          <reporter-output>
          </reporter-output>
        </test-method> <!-- start -->
        <test-method status="PASS" signature="end()[pri:0, instance:org.project.TestNg@4c70fda8]" name="end" is-config="true" duration-ms="2" started-at="2022-09-24T06:48:19Z" finished-at="2022-09-24T06:48:19Z">
          <reporter-output>
          </reporter-output>
        </test-method> <!-- end -->
        <test-method status="PASS" signature="start()[pri:0, instance:org.project.TestNg@4c70fda8]" name="start" is-config="true" duration-ms="0" started-at="2022-09-24T06:48:19Z" finished-at="2022-09-24T06:48:19Z">
          <reporter-output>
          </reporter-output>
        </test-method> <!-- start -->
        <test-method status="PASS" signature="tc4()[pri:4, instance:org.project.TestNg@4c70fda8]" name="tc4" duration-ms="1" started-at="2022-09-24T06:48:19Z" finished-at="2022-09-24T06:48:19Z">
          <reporter-output>
          </reporter-output>
        </test-method> <!-- tc4 -->
        <test-method status="PASS" signature="BrowserClose()[pri:0, instance:org.project.TestNg@4c70fda8]" name="BrowserClose" is-config="true" duration-ms="0" started-at="2022-09-24T06:48:19Z" finished-at="2022-09-24T06:48:19Z">
          <reporter-output>
          </reporter-output>
        </test-method> <!-- BrowserClose -->
      </class> <!-- org.project.TestNg -->
    </test> <!-- Default test -->
  </suite> <!-- Default suite -->
</testng-results>
